:: loading settings :: url = jar:file:/opt/spark/jars/ivy-2.5.1.jar!/org/apache/ivy/core/settings/ivysettings.xml
docker : Ivy Default Cache 
set to: /root/.ivy2/cache
At line:1 char:1
+ docker exec 
lakehouse-spark-worker 
/opt/spark/bin/spark-submit 
--pack ...
+ ~~~~~~~~~~~~~~~~~~~~~~~~~~~
~~~~~~~~~~~~~~~~~~~~~~~~~~~~~
~~~~~~~~~~~~~
    + CategoryInfo           
   : NotSpecified: (Ivy Def  
  ault Cac...oot/.ivy2/cac   
 he:String) [], RemoteExc    
eption
    + FullyQualifiedErrorId  
   : NativeCommandError
 
The jars for the packages 
stored in: /root/.ivy2/jars
org.apache.spark#spark-sql-ka
fka-0-10_2.12 added as a 
dependency
org.postgresql#postgresql 
added as a dependency
org.apache.hadoop#hadoop-aws 
added as a dependency
com.amazonaws#aws-java-sdk-bu
ndle added as a dependency
:: resolving dependencies :: 
org.apache.spark#spark-submit
-parent-f01d9464-2a79-4bfd-bd
2e-a7bda0352dbb;1.0
	confs: [default]
	found org.apache.spark#spark
-sql-kafka-0-10_2.12;3.5.0 
in central
	found org.apache.spark#spark
-token-provider-kafka-0-10_2.
12;3.5.0 in central
	found org.apache.kafka#kafka
-clients;3.4.1 in central
	found 
org.lz4#lz4-java;1.8.0 in 
central
	found org.xerial.snappy#snap
py-java;1.1.10.3 in central
	found 
org.slf4j#slf4j-api;2.0.7 in 
central
	found org.apache.hadoop#hado
op-client-runtime;3.3.4 in 
central
	found org.apache.hadoop#hado
op-client-api;3.3.4 in 
central
	found commons-logging#common
s-logging;1.1.3 in central
	found com.google.code.findbu
gs#jsr305;3.0.0 in central
	found org.apache.commons#com
mons-pool2;2.11.1 in central
	found org.postgresql#postgre
sql;42.6.0 in central
	found org.checkerframework#c
hecker-qual;3.31.0 in central
	found org.apache.hadoop#hado
op-aws;3.3.4 in central
	found com.amazonaws#aws-java
-sdk-bundle;1.12.262 in 
central
	found org.wildfly.openssl#wi
ldfly-openssl;1.0.7.Final in 
central
:: resolution report :: 
resolve 429ms :: artifacts 
dl 12ms
	:: modules in use:
	com.amazonaws#aws-java-sdk-b
undle;1.12.262 from central 
in [default]
	com.google.code.findbugs#jsr
305;3.0.0 from central in 
[default]
	commons-logging#commons-logg
ing;1.1.3 from central in 
[default]
	org.apache.commons#commons-p
ool2;2.11.1 from central in 
[default]
	org.apache.hadoop#hadoop-aws
;3.3.4 from central in 
[default]
	org.apache.hadoop#hadoop-cli
ent-api;3.3.4 from central 
in [default]
	org.apache.hadoop#hadoop-cli
ent-runtime;3.3.4 from 
central in [default]
	org.apache.kafka#kafka-clien
ts;3.4.1 from central in 
[default]
	org.apache.spark#spark-sql-k
afka-0-10_2.12;3.5.0 from 
central in [default]
	org.apache.spark#spark-token
-provider-kafka-0-10_2.12;3.5
.0 from central in [default]
	org.checkerframework#checker
-qual;3.31.0 from central in 
[default]
	org.lz4#lz4-java;1.8.0 from 
central in [default]
	org.postgresql#postgresql;42
.6.0 from central in 
[default]
	org.slf4j#slf4j-api;2.0.7 
from central in [default]
	org.wildfly.openssl#wildfly-
openssl;1.0.7.Final from 
central in [default]
	org.xerial.snappy#snappy-jav
a;1.1.10.3 from central in 
[default]
	----------------------------
-----------------------------
------------
	|                  |        
    modules            ||   
artifacts   |
	|       conf       | 
number| 
search|dwnlded|evicted|| 
number|dwnlded|
	----------------------------
-----------------------------
------------
	|      default     |   16  
|   0   |   0   |   0   ||   
16  |   0   |
	----------------------------
-----------------------------
------------
:: retrieving :: org.apache.s
park#spark-submit-parent-f01d
9464-2a79-4bfd-bd2e-a7bda0352
dbb
	confs: [default]
	0 artifacts copied, 16 
already retrieved (0kB/9ms)
26/03/18 03:46:28 WARN 
NativeCodeLoader: Unable to 
load native-hadoop library 
for your platform... using 
builtin-java classes where 
applicable
26/03/18 03:46:29 INFO 
SparkContext: Running Spark 
version 3.5.0
26/03/18 03:46:29 INFO 
SparkContext: OS info Linux, 
6.6.87.2-microsoft-standard-W
SL2, amd64
26/03/18 03:46:29 INFO 
SparkContext: Java version 
11.0.24
26/03/18 03:46:29 INFO 
ResourceUtils: ==============
=============================
===================
26/03/18 03:46:29 INFO 
ResourceUtils: No custom 
resources configured for 
spark.driver.
26/03/18 03:46:29 INFO 
ResourceUtils: ==============
=============================
===================
26/03/18 03:46:29 INFO 
SparkContext: Submitted 
application: 
Lakehouse-Realtime-ETL
26/03/18 03:46:29 INFO 
ResourceProfile: Default 
ResourceProfile created, 
executor resources: 
Map(memory -> name: memory, 
amount: 1024, script: , 
vendor: , offHeap -> name: 
offHeap, amount: 0, script: 
, vendor: ), task resources: 
Map(cpus -> name: cpus, 
amount: 1.0)
26/03/18 03:46:29 INFO 
ResourceProfile: Limiting 
resource is cpu
26/03/18 03:46:29 INFO 
ResourceProfileManager: 
Added ResourceProfile id: 0
26/03/18 03:46:29 INFO 
SecurityManager: Changing 
view acls to: root
26/03/18 03:46:29 INFO 
SecurityManager: Changing 
modify acls to: root
26/03/18 03:46:29 INFO 
SecurityManager: Changing 
view acls groups to: 
26/03/18 03:46:29 INFO 
SecurityManager: Changing 
modify acls groups to: 
26/03/18 03:46:29 INFO 
SecurityManager: 
SecurityManager: 
authentication disabled; ui 
acls disabled; users with 
view permissions: root; 
groups with view 
permissions: EMPTY; users 
with modify permissions: 
root; groups with modify 
permissions: EMPTY
26/03/18 03:46:29 INFO 
Utils: Successfully started 
service 'sparkDriver' on 
port 36355.
26/03/18 03:46:29 INFO 
SparkEnv: Registering 
MapOutputTracker
26/03/18 03:46:29 INFO 
SparkEnv: Registering 
BlockManagerMaster
26/03/18 03:46:29 INFO 
BlockManagerMasterEndpoint: 
Using org.apache.spark.storag
e.DefaultTopologyMapper for 
getting topology information
26/03/18 03:46:29 INFO 
BlockManagerMasterEndpoint: 
BlockManagerMasterEndpoint up
26/03/18 03:46:29 INFO 
SparkEnv: Registering 
BlockManagerMasterHeartbeat
26/03/18 03:46:29 INFO 
DiskBlockManager: Created 
local directory at /tmp/block
mgr-2cb82910-d273-4102-a035-5
284dedeaaab
26/03/18 03:46:29 INFO 
MemoryStore: MemoryStore 
started with capacity 434.4 
MiB
26/03/18 03:46:29 INFO 
SparkEnv: Registering 
OutputCommitCoordinator
26/03/18 03:46:29 INFO 
JettyUtils: Start Jetty 
0.0.0.0:4040 for SparkUI
26/03/18 03:46:29 INFO 
Utils: Successfully started 
service 'SparkUI' on port 
4040.
26/03/18 03:46:29 INFO 
SparkContext: Added JAR file:
///root/.ivy2/jars/org.apache
.spark_spark-sql-kafka-0-10_2
.12-3.5.0.jar at spark://1d30
ea7364fa:36355/jars/org.apach
e.spark_spark-sql-kafka-0-10_
2.12-3.5.0.jar with 
timestamp 1773805589127
26/03/18 03:46:29 INFO 
SparkContext: Added JAR file:
///root/.ivy2/jars/org.postgr
esql_postgresql-42.6.0.jar 
at spark://1d30ea7364fa:36355
/jars/org.postgresql_postgres
ql-42.6.0.jar with timestamp 
1773805589127
26/03/18 03:46:29 INFO 
SparkContext: Added JAR file:
///root/.ivy2/jars/org.apache
.hadoop_hadoop-aws-3.3.4.jar 
at spark://1d30ea7364fa:36355
/jars/org.apache.hadoop_hadoo
p-aws-3.3.4.jar with 
timestamp 1773805589127
26/03/18 03:46:29 INFO 
SparkContext: Added JAR file:
///root/.ivy2/jars/com.amazon
aws_aws-java-sdk-bundle-1.12.
262.jar at spark://1d30ea7364
fa:36355/jars/com.amazonaws_a
ws-java-sdk-bundle-1.12.262.j
ar with timestamp 
1773805589127
26/03/18 03:46:29 INFO 
SparkContext: Added JAR file:
///root/.ivy2/jars/org.apache
.spark_spark-token-provider-k
afka-0-10_2.12-3.5.0.jar at s
park://1d30ea7364fa:36355/jar
s/org.apache.spark_spark-toke
n-provider-kafka-0-10_2.12-3.
5.0.jar with timestamp 
1773805589127
26/03/18 03:46:29 INFO 
SparkContext: Added JAR file:
///root/.ivy2/jars/org.apache
.kafka_kafka-clients-3.4.1.ja
r at spark://1d30ea7364fa:363
55/jars/org.apache.kafka_kafk
a-clients-3.4.1.jar with 
timestamp 1773805589127
26/03/18 03:46:29 INFO 
SparkContext: Added JAR file:
///root/.ivy2/jars/com.google
.code.findbugs_jsr305-3.0.0.j
ar at spark://1d30ea7364fa:36
355/jars/com.google.code.find
bugs_jsr305-3.0.0.jar with 
timestamp 1773805589127
26/03/18 03:46:29 INFO 
SparkContext: Added JAR file:
///root/.ivy2/jars/org.apache
.commons_commons-pool2-2.11.1
.jar at spark://1d30ea7364fa:
36355/jars/org.apache.commons
_commons-pool2-2.11.1.jar 
with timestamp 1773805589127
26/03/18 03:46:29 INFO 
SparkContext: Added JAR file:
///root/.ivy2/jars/org.apache
.hadoop_hadoop-client-runtime
-3.3.4.jar at spark://1d30ea7
364fa:36355/jars/org.apache.h
adoop_hadoop-client-runtime-3
.3.4.jar with timestamp 
1773805589127
26/03/18 03:46:29 INFO 
SparkContext: Added JAR file:
///root/.ivy2/jars/org.lz4_lz
4-java-1.8.0.jar at spark://1
d30ea7364fa:36355/jars/org.lz
4_lz4-java-1.8.0.jar with 
timestamp 1773805589127
26/03/18 03:46:29 INFO 
SparkContext: Added JAR file:
///root/.ivy2/jars/org.xerial
.snappy_snappy-java-1.1.10.3.
jar at spark://1d30ea7364fa:3
6355/jars/org.xerial.snappy_s
nappy-java-1.1.10.3.jar with 
timestamp 1773805589127
26/03/18 03:46:29 INFO 
SparkContext: Added JAR file:
///root/.ivy2/jars/org.slf4j_
slf4j-api-2.0.7.jar at spark:
//1d30ea7364fa:36355/jars/org
.slf4j_slf4j-api-2.0.7.jar 
with timestamp 1773805589127
26/03/18 03:46:29 INFO 
SparkContext: Added JAR file:
///root/.ivy2/jars/org.apache
.hadoop_hadoop-client-api-3.3
.4.jar at spark://1d30ea7364f
a:36355/jars/org.apache.hadoo
p_hadoop-client-api-3.3.4.jar
 with timestamp 1773805589127
26/03/18 03:46:29 INFO 
SparkContext: Added JAR file:
///root/.ivy2/jars/commons-lo
gging_commons-logging-1.1.3.j
ar at spark://1d30ea7364fa:36
355/jars/commons-logging_comm
ons-logging-1.1.3.jar with 
timestamp 1773805589127
26/03/18 03:46:29 INFO 
SparkContext: Added JAR file:
///root/.ivy2/jars/org.checke
rframework_checker-qual-3.31.
0.jar at spark://1d30ea7364fa
:36355/jars/org.checkerframew
ork_checker-qual-3.31.0.jar 
with timestamp 1773805589127
26/03/18 03:46:29 INFO 
SparkContext: Added JAR file:
///root/.ivy2/jars/org.wildfl
y.openssl_wildfly-openssl-1.0
.7.Final.jar at spark://1d30e
a7364fa:36355/jars/org.wildfl
y.openssl_wildfly-openssl-1.0
.7.Final.jar with timestamp 
1773805589127
26/03/18 03:46:29 INFO 
SparkContext: Added file file
:///root/.ivy2/jars/org.apach
e.spark_spark-sql-kafka-0-10_
2.12-3.5.0.jar at spark://1d3
0ea7364fa:36355/files/org.apa
che.spark_spark-sql-kafka-0-1
0_2.12-3.5.0.jar with 
timestamp 1773805589127
26/03/18 03:46:29 INFO 
Utils: Copying /root/.ivy2/ja
rs/org.apache.spark_spark-sql
-kafka-0-10_2.12-3.5.0.jar 
to /tmp/spark-2d09b5c6-3abb-4
7bb-bcb0-ef26a9005324/userFil
es-787db573-785d-4527-8416-82
eee0870bea/org.apache.spark_s
park-sql-kafka-0-10_2.12-3.5.
0.jar
26/03/18 03:46:29 INFO 
SparkContext: Added file file
:///root/.ivy2/jars/org.postg
resql_postgresql-42.6.0.jar 
at spark://1d30ea7364fa:36355
/files/org.postgresql_postgre
sql-42.6.0.jar with 
timestamp 1773805589127
26/03/18 03:46:29 INFO 
Utils: Copying /root/.ivy2/ja
rs/org.postgresql_postgresql-
42.6.0.jar to /tmp/spark-2d09
b5c6-3abb-47bb-bcb0-ef26a9005
324/userFiles-787db573-785d-4
527-8416-82eee0870bea/org.pos
tgresql_postgresql-42.6.0.jar
26/03/18 03:46:29 INFO 
SparkContext: Added file file
:///root/.ivy2/jars/org.apach
e.hadoop_hadoop-aws-3.3.4.jar
 at spark://1d30ea7364fa:3635
5/files/org.apache.hadoop_had
oop-aws-3.3.4.jar with 
timestamp 1773805589127
26/03/18 03:46:29 INFO 
Utils: Copying /root/.ivy2/ja
rs/org.apache.hadoop_hadoop-a
ws-3.3.4.jar to /tmp/spark-2d
09b5c6-3abb-47bb-bcb0-ef26a90
05324/userFiles-787db573-785d
-4527-8416-82eee0870bea/org.a
pache.hadoop_hadoop-aws-3.3.4
.jar
26/03/18 03:46:29 INFO 
SparkContext: Added file file
:///root/.ivy2/jars/com.amazo
naws_aws-java-sdk-bundle-1.12
.262.jar at spark://1d30ea736
4fa:36355/files/com.amazonaws
_aws-java-sdk-bundle-1.12.262
.jar with timestamp 
1773805589127
26/03/18 03:46:29 INFO 
Utils: Copying /root/.ivy2/ja
rs/com.amazonaws_aws-java-sdk
-bundle-1.12.262.jar to /tmp/
spark-2d09b5c6-3abb-47bb-bcb0
-ef26a9005324/userFiles-787db
573-785d-4527-8416-82eee0870b
ea/com.amazonaws_aws-java-sdk
-bundle-1.12.262.jar
26/03/18 03:46:30 INFO 
SparkContext: Added file file
:///root/.ivy2/jars/org.apach
e.spark_spark-token-provider-
kafka-0-10_2.12-3.5.0.jar at 
spark://1d30ea7364fa:36355/fi
les/org.apache.spark_spark-to
ken-provider-kafka-0-10_2.12-
3.5.0.jar with timestamp 
1773805589127
26/03/18 03:46:30 INFO 
Utils: Copying /root/.ivy2/ja
rs/org.apache.spark_spark-tok
en-provider-kafka-0-10_2.12-3
.5.0.jar to /tmp/spark-2d09b5
c6-3abb-47bb-bcb0-ef26a900532
4/userFiles-787db573-785d-452
7-8416-82eee0870bea/org.apach
e.spark_spark-token-provider-
kafka-0-10_2.12-3.5.0.jar
26/03/18 03:46:30 INFO 
SparkContext: Added file file
:///root/.ivy2/jars/org.apach
e.kafka_kafka-clients-3.4.1.j
ar at spark://1d30ea7364fa:36
355/files/org.apache.kafka_ka
fka-clients-3.4.1.jar with 
timestamp 1773805589127
26/03/18 03:46:30 INFO 
Utils: Copying /root/.ivy2/ja
rs/org.apache.kafka_kafka-cli
ents-3.4.1.jar to /tmp/spark-
2d09b5c6-3abb-47bb-bcb0-ef26a
9005324/userFiles-787db573-78
5d-4527-8416-82eee0870bea/org
.apache.kafka_kafka-clients-3
.4.1.jar
26/03/18 03:46:30 INFO 
SparkContext: Added file file
:///root/.ivy2/jars/com.googl
e.code.findbugs_jsr305-3.0.0.
jar at spark://1d30ea7364fa:3
6355/files/com.google.code.fi
ndbugs_jsr305-3.0.0.jar with 
timestamp 1773805589127
26/03/18 03:46:30 INFO 
Utils: Copying /root/.ivy2/ja
rs/com.google.code.findbugs_j
sr305-3.0.0.jar to /tmp/spark
-2d09b5c6-3abb-47bb-bcb0-ef26
a9005324/userFiles-787db573-7
85d-4527-8416-82eee0870bea/co
m.google.code.findbugs_jsr305
-3.0.0.jar
26/03/18 03:46:30 INFO 
SparkContext: Added file file
:///root/.ivy2/jars/org.apach
e.commons_commons-pool2-2.11.
1.jar at spark://1d30ea7364fa
:36355/files/org.apache.commo
ns_commons-pool2-2.11.1.jar 
with timestamp 1773805589127
26/03/18 03:46:30 INFO 
Utils: Copying /root/.ivy2/ja
rs/org.apache.commons_commons
-pool2-2.11.1.jar to /tmp/spa
rk-2d09b5c6-3abb-47bb-bcb0-ef
26a9005324/userFiles-787db573
-785d-4527-8416-82eee0870bea/
org.apache.commons_commons-po
ol2-2.11.1.jar
26/03/18 03:46:30 INFO 
SparkContext: Added file file
:///root/.ivy2/jars/org.apach
e.hadoop_hadoop-client-runtim
e-3.3.4.jar at spark://1d30ea
7364fa:36355/files/org.apache
.hadoop_hadoop-client-runtime
-3.3.4.jar with timestamp 
1773805589127
26/03/18 03:46:30 INFO 
Utils: Copying /root/.ivy2/ja
rs/org.apache.hadoop_hadoop-c
lient-runtime-3.3.4.jar to /t
mp/spark-2d09b5c6-3abb-47bb-b
cb0-ef26a9005324/userFiles-78
7db573-785d-4527-8416-82eee08
70bea/org.apache.hadoop_hadoo
p-client-runtime-3.3.4.jar
26/03/18 03:46:30 INFO 
SparkContext: Added file file
:///root/.ivy2/jars/org.lz4_l
z4-java-1.8.0.jar at spark://
1d30ea7364fa:36355/files/org.
lz4_lz4-java-1.8.0.jar with 
timestamp 1773805589127
26/03/18 03:46:30 INFO 
Utils: Copying /root/.ivy2/ja
rs/org.lz4_lz4-java-1.8.0.jar
 to /tmp/spark-2d09b5c6-3abb-
47bb-bcb0-ef26a9005324/userFi
les-787db573-785d-4527-8416-8
2eee0870bea/org.lz4_lz4-java-
1.8.0.jar
26/03/18 03:46:30 INFO 
SparkContext: Added file file
:///root/.ivy2/jars/org.xeria
l.snappy_snappy-java-1.1.10.3
.jar at spark://1d30ea7364fa:
36355/files/org.xerial.snappy
_snappy-java-1.1.10.3.jar 
with timestamp 1773805589127
26/03/18 03:46:30 INFO 
Utils: Copying /root/.ivy2/ja
rs/org.xerial.snappy_snappy-j
ava-1.1.10.3.jar to /tmp/spar
k-2d09b5c6-3abb-47bb-bcb0-ef2
6a9005324/userFiles-787db573-
785d-4527-8416-82eee0870bea/o
rg.xerial.snappy_snappy-java-
1.1.10.3.jar
26/03/18 03:46:30 INFO 
SparkContext: Added file file
:///root/.ivy2/jars/org.slf4j
_slf4j-api-2.0.7.jar at spark
://1d30ea7364fa:36355/files/o
rg.slf4j_slf4j-api-2.0.7.jar 
with timestamp 1773805589127
26/03/18 03:46:30 INFO 
Utils: Copying /root/.ivy2/ja
rs/org.slf4j_slf4j-api-2.0.7.
jar to /tmp/spark-2d09b5c6-3a
bb-47bb-bcb0-ef26a9005324/use
rFiles-787db573-785d-4527-841
6-82eee0870bea/org.slf4j_slf4
j-api-2.0.7.jar
26/03/18 03:46:30 INFO 
SparkContext: Added file file
:///root/.ivy2/jars/org.apach
e.hadoop_hadoop-client-api-3.
3.4.jar at spark://1d30ea7364
fa:36355/files/org.apache.had
oop_hadoop-client-api-3.3.4.j
ar with timestamp 
1773805589127
26/03/18 03:46:30 INFO 
Utils: Copying /root/.ivy2/ja
rs/org.apache.hadoop_hadoop-c
lient-api-3.3.4.jar to /tmp/s
park-2d09b5c6-3abb-47bb-bcb0-
ef26a9005324/userFiles-787db5
73-785d-4527-8416-82eee0870be
a/org.apache.hadoop_hadoop-cl
ient-api-3.3.4.jar
26/03/18 03:46:30 INFO 
SparkContext: Added file file
:///root/.ivy2/jars/commons-l
ogging_commons-logging-1.1.3.
jar at spark://1d30ea7364fa:3
6355/files/commons-logging_co
mmons-logging-1.1.3.jar with 
timestamp 1773805589127
26/03/18 03:46:30 INFO 
Utils: Copying /root/.ivy2/ja
rs/commons-logging_commons-lo
gging-1.1.3.jar to /tmp/spark
-2d09b5c6-3abb-47bb-bcb0-ef26
a9005324/userFiles-787db573-7
85d-4527-8416-82eee0870bea/co
mmons-logging_commons-logging
-1.1.3.jar
26/03/18 03:46:30 INFO 
SparkContext: Added file file
:///root/.ivy2/jars/org.check
erframework_checker-qual-3.31
.0.jar at spark://1d30ea7364f
a:36355/files/org.checkerfram
ework_checker-qual-3.31.0.jar
 with timestamp 1773805589127
26/03/18 03:46:30 INFO 
Utils: Copying /root/.ivy2/ja
rs/org.checkerframework_check
er-qual-3.31.0.jar to /tmp/sp
ark-2d09b5c6-3abb-47bb-bcb0-e
f26a9005324/userFiles-787db57
3-785d-4527-8416-82eee0870bea
/org.checkerframework_checker
-qual-3.31.0.jar
26/03/18 03:46:30 INFO 
SparkContext: Added file file
:///root/.ivy2/jars/org.wildf
ly.openssl_wildfly-openssl-1.
0.7.Final.jar at spark://1d30
ea7364fa:36355/files/org.wild
fly.openssl_wildfly-openssl-1
.0.7.Final.jar with 
timestamp 1773805589127
26/03/18 03:46:30 INFO 
Utils: Copying /root/.ivy2/ja
rs/org.wildfly.openssl_wildfl
y-openssl-1.0.7.Final.jar to 
/tmp/spark-2d09b5c6-3abb-47bb
-bcb0-ef26a9005324/userFiles-
787db573-785d-4527-8416-82eee
0870bea/org.wildfly.openssl_w
ildfly-openssl-1.0.7.Final.ja
r
26/03/18 03:46:30 INFO Standa
loneAppClient$ClientEndpoint:
 Connecting to master 
spark://spark-master:7077...
26/03/18 03:46:30 INFO 
TransportClientFactory: 
Successfully created 
connection to 
spark-master/172.24.0.4:7077 
after 19 ms (0 ms spent in 
bootstraps)
26/03/18 03:46:30 INFO 
StandaloneSchedulerBackend: 
Connected to Spark cluster 
with app ID 
app-20260318034630-0003
26/03/18 03:46:30 INFO Standa
loneAppClient$ClientEndpoint:
 Executor added: 
app-20260318034630-0003/0 on 
worker-20260318034329-172.21.
0.5-40751 (172.21.0.5:40751) 
with 2 core(s)
26/03/18 03:46:30 INFO 
StandaloneSchedulerBackend: 
Granted executor ID 
app-20260318034630-0003/0 on 
hostPort 172.21.0.5:40751 
with 2 core(s), 1024.0 MiB 
RAM
26/03/18 03:46:30 INFO 
Utils: Successfully started 
service 'org.apache.spark.net
work.netty.NettyBlockTransfer
Service' on port 38551.
26/03/18 03:46:30 INFO 
NettyBlockTransferService: 
Server created on 
1d30ea7364fa:38551
26/03/18 03:46:30 INFO 
BlockManager: Using org.apach
e.spark.storage.RandomBlockRe
plicationPolicy for block 
replication policy
26/03/18 03:46:30 INFO 
BlockManagerMaster: 
Registering BlockManager 
BlockManagerId(driver, 
1d30ea7364fa, 38551, None)
26/03/18 03:46:30 INFO 
BlockManagerMasterEndpoint: 
Registering block manager 
1d30ea7364fa:38551 with 
434.4 MiB RAM, 
BlockManagerId(driver, 
1d30ea7364fa, 38551, None)
26/03/18 03:46:30 INFO 
BlockManagerMaster: 
Registered BlockManager 
BlockManagerId(driver, 
1d30ea7364fa, 38551, None)
26/03/18 03:46:30 INFO 
BlockManager: Initialized 
BlockManager: 
BlockManagerId(driver, 
1d30ea7364fa, 38551, None)
26/03/18 03:46:30 INFO Standa
loneAppClient$ClientEndpoint:
 Executor updated: 
app-20260318034630-0003/0 is 
now RUNNING
26/03/18 03:46:31 INFO 
StandaloneSchedulerBackend: 
SchedulerBackend is ready 
for scheduling beginning 
after reached 
minRegisteredResourcesRatio: 
0.0
>>> Bß║»t ─æß║ºu lß║»ng nghe Spark Streaming tß╗½ Kafka topic 'realtime_transactions'...
26/03/18 03:46:33 WARN 
MetricsConfig: Cannot locate 
configuration: tried hadoop-m
etrics2-s3a-file-system.prope
rties,hadoop-metrics2.propert
ies
26/03/18 03:46:34 WARN 
ResolveWriteToStream: 
spark.sql.adaptive.enabled 
is not supported in 
streaming 
DataFrames/Datasets and will 
be disabled.
26/03/18 03:46:34 WARN 
ResolveWriteToStream: 
Temporary checkpoint 
location created which is 
deleted normally when the 
query didn't fail: /tmp/tempo
rary-269b0e49-dbfd-4c36-a6d2-
b5e99f996e9d. If it's 
required to delete it under 
any circumstances, please 
set spark.sql.streaming.force
DeleteTempCheckpointLocation 
to true. Important to know 
deleting temp checkpoint 
folder is best effort.
26/03/18 03:46:34 WARN 
ResolveWriteToStream: 
spark.sql.adaptive.enabled 
is not supported in 
streaming 
DataFrames/Datasets and will 
be disabled.
26/03/18 03:46:35 WARN 
AdminClientConfig: These 
configurations 
'[key.deserializer, 
value.deserializer, 
enable.auto.commit, 
max.poll.records, 
auto.offset.reset]' were 
supplied but are not used 
yet.
+--------+----------+------+--------+--------+---------+--------+-------------+
|event_id|account_id|amount|txn_type|currency|timestamp|merchant|is_fraud_flag|
+--------+----------+------+--------+--------+---------+--------+-------------+
+--------+----------+------+--------+--------+---------+--------+-------------+

26/03/18 03:46:40 WARN 
AdminClientConfig: These 
configurations 
'[key.deserializer, 
value.deserializer, 
enable.auto.commit, 
max.poll.records, 
auto.offset.reset]' were 
supplied but are not used 
yet.
+------------------------------------+----------+------+--------+--------+---------------------------+----------+-------------+
|event_id                            |account_id|amount|txn_type|currency|timestamp                  |merchant  |is_fraud_flag|
+------------------------------------+----------+------+--------+--------+---------------------------+----------+-------------+
|ae69fcd4-6f39-4442-9b64-85e27270d6eb|311       |2362.4|TRANSFER|VND     |2026-03-18T03:46:35.774954Z|Harvey Inc|0            |
+------------------------------------+----------+------+--------+--------+---------------------------+----------+-------------+

26/03/18 03:46:42 WARN 
TaskSetManager: Lost task 
0.0 in stage 2.0 (TID 2) 
(172.21.0.5 executor 0): java
.sql.BatchUpdateException: 
Batch entry 0 INSERT INTO 
public.realtime_transactions 
("event_id","account_id","amo
unt","txn_type","currency","t
imestamp","merchant","is_frau
d_flag") VALUES ('ae69fcd4-6f
39-4442-9b64-85e27270d6eb',31
1,2362.4,'TRANSFER','VND','20
26-03-18T03:46:35.774954Z','H
arvey Inc',0) was aborted: 
ERROR: column "timestamp" is 
of type timestamp without 
time zone but expression is 
of type character varying
  Hint: You will need to 
rewrite or cast the 
expression.
  Position: 161  Call 
getNextException to see 
other errors in the batch.
	at org.postgresql.jdbc.Batch
ResultHandler.handleError(Bat
chResultHandler.java:165)
	at org.postgresql.core.Resul
tHandlerDelegate.handleError(
ResultHandlerDelegate.java:52
)
	at org.postgresql.core.v3.Qu
eryExecutorImpl.processResult
s(QueryExecutorImpl.java:2402
)
	at org.postgresql.core.v3.Qu
eryExecutorImpl.execute(Query
ExecutorImpl.java:574)
	at org.postgresql.jdbc.PgSta
tement.internalExecuteBatch(P
gStatement.java:896)
	at org.postgresql.jdbc.PgSta
tement.executeBatch(PgStateme
nt.java:919)
	at org.postgresql.jdbc.PgPre
paredStatement.executeBatch(P
gPreparedStatement.java:1685)
	at org.apache.spark.sql.exec
ution.datasources.jdbc.JdbcUt
ils$.savePartition(JdbcUtils.
scala:751)
	at org.apache.spark.sql.exec
ution.datasources.jdbc.JdbcUt
ils$.$anonfun$saveTable$1(Jdb
cUtils.scala:902)
	at org.apache.spark.sql.exec
ution.datasources.jdbc.JdbcUt
ils$.$anonfun$saveTable$1$ada
pted(JdbcUtils.scala:901)
	at org.apache.spark.rdd.RDD.
$anonfun$foreachPartition$2(R
DD.scala:1036)
	at org.apache.spark.rdd.RDD.
$anonfun$foreachPartition$2$a
dapted(RDD.scala:1036)
	at org.apache.spark.SparkCon
text.$anonfun$runJob$5(SparkC
ontext.scala:2438)
	at org.apache.spark.schedule
r.ResultTask.runTask(ResultTa
sk.scala:93)
	at org.apache.spark.TaskCont
ext.runTaskWithListeners(Task
Context.scala:161)
	at org.apache.spark.schedule
r.Task.run(Task.scala:141)
	at org.apache.spark.executor
.Executor$TaskRunner.$anonfun
$run$4(Executor.scala:620)
	at org.apache.spark.util.Spa
rkErrorUtils.tryWithSafeFinal
ly(SparkErrorUtils.scala:64)
	at org.apache.spark.util.Spa
rkErrorUtils.tryWithSafeFinal
ly$(SparkErrorUtils.scala:61)
	at org.apache.spark.util.Uti
ls$.tryWithSafeFinally(Utils.
scala:94)
	at org.apache.spark.executor
.Executor$TaskRunner.run(Exec
utor.scala:623)
	at java.base/java.util.concu
rrent.ThreadPoolExecutor.runW
orker(Unknown Source)
	at java.base/java.util.concu
rrent.ThreadPoolExecutor$Work
er.run(Unknown Source)
	at java.base/java.lang.Threa
d.run(Unknown Source)
Caused by: org.postgresql.uti
l.PSQLException: ERROR: 
column "timestamp" is of 
type timestamp without time 
zone but expression is of 
type character varying
  Hint: You will need to 
rewrite or cast the 
expression.
  Position: 161
	at org.postgresql.core.v3.Qu
eryExecutorImpl.receiveErrorR
esponse(QueryExecutorImpl.jav
a:2713)
	at org.postgresql.core.v3.Qu
eryExecutorImpl.processResult
s(QueryExecutorImpl.java:2401
)
	... 21 more

26/03/18 03:46:44 ERROR 
TaskSetManager: Task 0 in 
stage 2.0 failed 4 times; 
aborting job
26/03/18 03:46:44 ERROR 
MicroBatchExecution: Query 
[id = 79334b6f-3ca4-495c-aeed
-c9bc92acdcd3, runId = a418f1
70-ea4f-436a-a909-72122d9c4ad
3] terminated with error
py4j.Py4JException: An 
exception was raised by the 
Python Proxy. Return 
Message: Traceback (most 
recent call last):
  File "/opt/spark/python/lib
/py4j-0.10.9.7-src.zip/py4j/c
lientserver.py", line 617, 
in _call_proxy
    return_value = 
getattr(self.pool[obj_id], 
method)(*params)
  File "/opt/spark/python/lib
/pyspark.zip/pyspark/sql/util
s.py", line 120, in call
    raise e
  File "/opt/spark/python/lib
/pyspark.zip/pyspark/sql/util
s.py", line 117, in call
    self.func(DataFrame(jdf, 
wrapped_session_jdf), 
batch_id)
  File "/opt/spark/jobs/strea
ming_job.py", line 68, in 
write_to_postgres_and_console
    batch_df.write \
  File "/opt/spark/python/lib
/pyspark.zip/pyspark/sql/read
writer.py", line 1461, in 
save
    self._jwrite.save()
  File "/opt/spark/python/lib
/py4j-0.10.9.7-src.zip/py4j/j
ava_gateway.py", line 1322, 
in __call__
    return_value = 
get_return_value(
  File "/opt/spark/python/lib
/pyspark.zip/pyspark/errors/e
xceptions/captured.py", line 
179, in deco
    return f(*a, **kw)
  File "/opt/spark/python/lib
/py4j-0.10.9.7-src.zip/py4j/p
rotocol.py", line 326, in 
get_return_value
    raise Py4JJavaError(
py4j.protocol.Py4JJavaError: 
An error occurred while 
calling o95.save.
: org.apache.spark.SparkExcep
tion: Job aborted due to 
stage failure: Task 0 in 
stage 2.0 failed 4 times, 
most recent failure: Lost 
task 0.3 in stage 2.0 (TID 
9) (172.21.0.5 executor 0): j
ava.sql.BatchUpdateException:
 Batch entry 0 INSERT INTO 
public.realtime_transactions 
("event_id","account_id","amo
unt","txn_type","currency","t
imestamp","merchant","is_frau
d_flag") VALUES ('ae69fcd4-6f
39-4442-9b64-85e27270d6eb',31
1,2362.4,'TRANSFER','VND','20
26-03-18T03:46:35.774954Z','H
arvey Inc',0) was aborted: 
ERROR: column "timestamp" is 
of type timestamp without 
time zone but expression is 
of type character varying
  Hint: You will need to 
rewrite or cast the 
expression.
  Position: 161  Call 
getNextException to see 
other errors in the batch.
	at org.postgresql.jdbc.Batch
ResultHandler.handleError(Bat
chResultHandler.java:165)
	at org.postgresql.core.Resul
tHandlerDelegate.handleError(
ResultHandlerDelegate.java:52
)
	at org.postgresql.core.v3.Qu
eryExecutorImpl.processResult
s(QueryExecutorImpl.java:2402
)
	at org.postgresql.core.v3.Qu
eryExecutorImpl.execute(Query
ExecutorImpl.java:574)
	at org.postgresql.jdbc.PgSta
tement.internalExecuteBatch(P
gStatement.java:896)
	at org.postgresql.jdbc.PgSta
tement.executeBatch(PgStateme
nt.java:919)
	at org.postgresql.jdbc.PgPre
paredStatement.executeBatch(P
gPreparedStatement.java:1685)
	at org.apache.spark.sql.exec
ution.datasources.jdbc.JdbcUt
ils$.savePartition(JdbcUtils.
scala:751)
	at org.apache.spark.sql.exec
ution.datasources.jdbc.JdbcUt
ils$.$anonfun$saveTable$1(Jdb
cUtils.scala:902)
	at org.apache.spark.sql.exec
ution.datasources.jdbc.JdbcUt
ils$.$anonfun$saveTable$1$ada
pted(JdbcUtils.scala:901)
	at org.apache.spark.rdd.RDD.
$anonfun$foreachPartition$2(R
DD.scala:1036)
	at org.apache.spark.rdd.RDD.
$anonfun$foreachPartition$2$a
dapted(RDD.scala:1036)
	at org.apache.spark.SparkCon
text.$anonfun$runJob$5(SparkC
ontext.scala:2438)
	at org.apache.spark.schedule
r.ResultTask.runTask(ResultTa
sk.scala:93)
	at org.apache.spark.TaskCont
ext.runTaskWithListeners(Task
Context.scala:161)
	at org.apache.spark.schedule
r.Task.run(Task.scala:141)
	at org.apache.spark.executor
.Executor$TaskRunner.$anonfun
$run$4(Executor.scala:620)
	at org.apache.spark.util.Spa
rkErrorUtils.tryWithSafeFinal
ly(SparkErrorUtils.scala:64)
	at org.apache.spark.util.Spa
rkErrorUtils.tryWithSafeFinal
ly$(SparkErrorUtils.scala:61)
	at org.apache.spark.util.Uti
ls$.tryWithSafeFinally(Utils.
scala:94)
	at org.apache.spark.executor
.Executor$TaskRunner.run(Exec
utor.scala:623)
	at java.base/java.util.concu
rrent.ThreadPoolExecutor.runW
orker(Unknown Source)
	at java.base/java.util.concu
rrent.ThreadPoolExecutor$Work
er.run(Unknown Source)
	at java.base/java.lang.Threa
d.run(Unknown Source)
Caused by: org.postgresql.uti
l.PSQLException: ERROR: 
column "timestamp" is of 
type timestamp without time 
zone but expression is of 
type character varying
  Hint: You will need to 
rewrite or cast the 
expression.
  Position: 161
	at org.postgresql.core.v3.Qu
eryExecutorImpl.receiveErrorR
esponse(QueryExecutorImpl.jav
a:2713)
	at org.postgresql.core.v3.Qu
eryExecutorImpl.processResult
s(QueryExecutorImpl.java:2401
)
	... 21 more

Driver stacktrace:
	at org.apache.spark.schedule
r.DAGScheduler.failJobAndInde
pendentStages(DAGScheduler.sc
ala:2844)
	at org.apache.spark.schedule
r.DAGScheduler.$anonfun$abort
Stage$2(DAGScheduler.scala:27
80)
	at org.apache.spark.schedule
r.DAGScheduler.$anonfun$abort
Stage$2$adapted(DAGScheduler.
scala:2779)
	at scala.collection.mutable.
ResizableArray.foreach(Resiza
bleArray.scala:62)
	at scala.collection.mutable.
ResizableArray.foreach$(Resiz
ableArray.scala:55)
	at scala.collection.mutable.
ArrayBuffer.foreach(ArrayBuff
er.scala:49)
	at org.apache.spark.schedule
r.DAGScheduler.abortStage(DAG
Scheduler.scala:2779)
	at org.apache.spark.schedule
r.DAGScheduler.$anonfun$handl
eTaskSetFailed$1(DAGScheduler
.scala:1242)
	at org.apache.spark.schedule
r.DAGScheduler.$anonfun$handl
eTaskSetFailed$1$adapted(DAGS
cheduler.scala:1242)
	at scala.Option.foreach(Opti
on.scala:407)
	at org.apache.spark.schedule
r.DAGScheduler.handleTaskSetF
ailed(DAGScheduler.scala:1242
)
	at org.apache.spark.schedule
r.DAGSchedulerEventProcessLoo
p.doOnReceive(DAGScheduler.sc
ala:3048)
	at org.apache.spark.schedule
r.DAGSchedulerEventProcessLoo
p.onReceive(DAGScheduler.scal
a:2982)
	at org.apache.spark.schedule
r.DAGSchedulerEventProcessLoo
p.onReceive(DAGScheduler.scal
a:2971)
	at org.apache.spark.util.Eve
ntLoop$$anon$1.run(EventLoop.
scala:49)
	at org.apache.spark.schedule
r.DAGScheduler.runJob(DAGSche
duler.scala:984)
	at org.apache.spark.SparkCon
text.runJob(SparkContext.scal
a:2398)
	at org.apache.spark.SparkCon
text.runJob(SparkContext.scal
a:2419)
	at org.apache.spark.SparkCon
text.runJob(SparkContext.scal
a:2438)
	at org.apache.spark.SparkCon
text.runJob(SparkContext.scal
a:2463)
	at org.apache.spark.rdd.RDD.
$anonfun$foreachPartition$1(R
DD.scala:1036)
	at org.apache.spark.rdd.RDDO
perationScope$.withScope(RDDO
perationScope.scala:151)
	at org.apache.spark.rdd.RDDO
perationScope$.withScope(RDDO
perationScope.scala:112)
	at org.apache.spark.rdd.RDD.
withScope(RDD.scala:407)
	at org.apache.spark.rdd.RDD.
foreachPartition(RDD.scala:10
34)
	at org.apache.spark.sql.exec
ution.datasources.jdbc.JdbcUt
ils$.saveTable(JdbcUtils.scal
a:901)
	at org.apache.spark.sql.exec
ution.datasources.jdbc.JdbcRe
lationProvider.createRelation
(JdbcRelationProvider.scala:7
0)
	at org.apache.spark.sql.exec
ution.datasources.SaveIntoDat
aSourceCommand.run(SaveIntoDa
taSourceCommand.scala:48)
	at org.apache.spark.sql.exec
ution.command.ExecutedCommand
Exec.sideEffectResult$lzycomp
ute(commands.scala:75)
	at org.apache.spark.sql.exec
ution.command.ExecutedCommand
Exec.sideEffectResult(command
s.scala:73)
	at org.apache.spark.sql.exec
ution.command.ExecutedCommand
Exec.executeCollect(commands.
scala:84)
	at org.apache.spark.sql.exec
ution.QueryExecution$$anonfun
$eagerlyExecuteCommands$1.$an
onfun$applyOrElse$1(QueryExec
ution.scala:107)
	at org.apache.spark.sql.exec
ution.SQLExecution$.$anonfun$
withNewExecutionId$6(SQLExecu
tion.scala:125)
	at org.apache.spark.sql.exec
ution.SQLExecution$.withSQLCo
nfPropagated(SQLExecution.sca
la:201)
	at org.apache.spark.sql.exec
ution.SQLExecution$.$anonfun$
withNewExecutionId$1(SQLExecu
tion.scala:108)
	at org.apache.spark.sql.Spar
kSession.withActive(SparkSess
ion.scala:900)
	at org.apache.spark.sql.exec
ution.SQLExecution$.withNewEx
ecutionId(SQLExecution.scala:
66)
	at org.apache.spark.sql.exec
ution.QueryExecution$$anonfun
$eagerlyExecuteCommands$1.app
lyOrElse(QueryExecution.scala
:107)
	at org.apache.spark.sql.exec
ution.QueryExecution$$anonfun
$eagerlyExecuteCommands$1.app
lyOrElse(QueryExecution.scala
:98)
	at org.apache.spark.sql.cata
lyst.trees.TreeNode.$anonfun$
transformDownWithPruning$1(Tr
eeNode.scala:461)
	at org.apache.spark.sql.cata
lyst.trees.CurrentOrigin$.wit
hOrigin(origin.scala:76)
	at org.apache.spark.sql.cata
lyst.trees.TreeNode.transform
DownWithPruning(TreeNode.scal
a:461)
	at org.apache.spark.sql.cata
lyst.plans.logical.LogicalPla
n.org$apache$spark$sql$cataly
st$plans$logical$AnalysisHelp
er$$super$transformDownWithPr
uning(LogicalPlan.scala:32)
	at org.apache.spark.sql.cata
lyst.plans.logical.AnalysisHe
lper.transformDownWithPruning
(AnalysisHelper.scala:267)
	at org.apache.spark.sql.cata
lyst.plans.logical.AnalysisHe
lper.transformDownWithPruning
$(AnalysisHelper.scala:263)
	at org.apache.spark.sql.cata
lyst.plans.logical.LogicalPla
n.transformDownWithPruning(Lo
gicalPlan.scala:32)
	at org.apache.spark.sql.cata
lyst.plans.logical.LogicalPla
n.transformDownWithPruning(Lo
gicalPlan.scala:32)
	at org.apache.spark.sql.cata
lyst.trees.TreeNode.transform
Down(TreeNode.scala:437)
	at org.apache.spark.sql.exec
ution.QueryExecution.eagerlyE
xecuteCommands(QueryExecution
.scala:98)
	at org.apache.spark.sql.exec
ution.QueryExecution.commandE
xecuted$lzycompute(QueryExecu
tion.scala:85)
	at org.apache.spark.sql.exec
ution.QueryExecution.commandE
xecuted(QueryExecution.scala:
83)
	at org.apache.spark.sql.exec
ution.QueryExecution.assertCo
mmandExecuted(QueryExecution.
scala:142)
	at org.apache.spark.sql.Data
FrameWriter.runCommand(DataFr
ameWriter.scala:859)
	at org.apache.spark.sql.Data
FrameWriter.saveToV1Source(Da
taFrameWriter.scala:388)
	at org.apache.spark.sql.Data
FrameWriter.saveInternal(Data
FrameWriter.scala:361)
	at org.apache.spark.sql.Data
FrameWriter.save(DataFrameWri
ter.scala:248)
	at java.base/jdk.internal.re
flect.NativeMethodAccessorImp
l.invoke0(Native Method)
	at java.base/jdk.internal.re
flect.NativeMethodAccessorImp
l.invoke(Unknown Source)
	at java.base/jdk.internal.re
flect.DelegatingMethodAccesso
rImpl.invoke(Unknown Source)
	at java.base/java.lang.refle
ct.Method.invoke(Unknown 
Source)
	at py4j.reflection.MethodInv
oker.invoke(MethodInvoker.jav
a:244)
	at py4j.reflection.Reflectio
nEngine.invoke(ReflectionEngi
ne.java:374)
	at py4j.Gateway.invoke(Gatew
ay.java:282)
	at py4j.commands.AbstractCom
mand.invokeMethod(AbstractCom
mand.java:132)
	at py4j.commands.CallCommand
.execute(CallCommand.java:79)
	at py4j.ClientServerConnecti
on.sendCommand(ClientServerCo
nnection.java:244)
	at py4j.CallbackClient.sendC
ommand(CallbackClient.java:38
4)
	at py4j.CallbackClient.sendC
ommand(CallbackClient.java:35
6)
	at py4j.reflection.PythonPro
xyHandler.invoke(PythonProxyH
andler.java:106)
	at com.sun.proxy.$Proxy38.ca
ll(Unknown Source)
	at org.apache.spark.sql.exec
ution.streaming.sources.Pytho
nForeachBatchHelper$.$anonfun
$callForeachBatch$1(ForeachBa
tchSink.scala:53)
	at org.apache.spark.sql.exec
ution.streaming.sources.Pytho
nForeachBatchHelper$.$anonfun
$callForeachBatch$1$adapted(F
oreachBatchSink.scala:53)
	at org.apache.spark.sql.exec
ution.streaming.sources.Forea
chBatchSink.addBatch(ForeachB
atchSink.scala:34)
	at org.apache.spark.sql.exec
ution.streaming.MicroBatchExe
cution.$anonfun$runBatch$17(M
icroBatchExecution.scala:732)
	at org.apache.spark.sql.exec
ution.SQLExecution$.$anonfun$
withNewExecutionId$6(SQLExecu
tion.scala:125)
	at org.apache.spark.sql.exec
ution.SQLExecution$.withSQLCo
nfPropagated(SQLExecution.sca
la:201)
	at org.apache.spark.sql.exec
ution.SQLExecution$.$anonfun$
withNewExecutionId$1(SQLExecu
tion.scala:108)
	at org.apache.spark.sql.Spar
kSession.withActive(SparkSess
ion.scala:900)
	at org.apache.spark.sql.exec
ution.SQLExecution$.withNewEx
ecutionId(SQLExecution.scala:
66)
	at org.apache.spark.sql.exec
ution.streaming.MicroBatchExe
cution.$anonfun$runBatch$16(M
icroBatchExecution.scala:729)
	at org.apache.spark.sql.exec
ution.streaming.ProgressRepor
ter.reportTimeTaken(ProgressR
eporter.scala:427)
	at org.apache.spark.sql.exec
ution.streaming.ProgressRepor
ter.reportTimeTaken$(Progress
Reporter.scala:425)
	at org.apache.spark.sql.exec
ution.streaming.StreamExecuti
on.reportTimeTaken(StreamExec
ution.scala:67)
	at org.apache.spark.sql.exec
ution.streaming.MicroBatchExe
cution.runBatch(MicroBatchExe
cution.scala:729)
	at org.apache.spark.sql.exec
ution.streaming.MicroBatchExe
cution.$anonfun$runActivatedS
tream$2(MicroBatchExecution.s
cala:286)
	at scala.runtime.java8.JFunc
tion0$mcV$sp.apply(JFunction0
$mcV$sp.java:23)
	at org.apache.spark.sql.exec
ution.streaming.ProgressRepor
ter.reportTimeTaken(ProgressR
eporter.scala:427)
	at org.apache.spark.sql.exec
ution.streaming.ProgressRepor
ter.reportTimeTaken$(Progress
Reporter.scala:425)
	at org.apache.spark.sql.exec
ution.streaming.StreamExecuti
on.reportTimeTaken(StreamExec
ution.scala:67)
	at org.apache.spark.sql.exec
ution.streaming.MicroBatchExe
cution.$anonfun$runActivatedS
tream$1(MicroBatchExecution.s
cala:249)
	at org.apache.spark.sql.exec
ution.streaming.ProcessingTim
eExecutor.execute(TriggerExec
utor.scala:67)
	at org.apache.spark.sql.exec
ution.streaming.MicroBatchExe
cution.runActivatedStream(Mic
roBatchExecution.scala:239)
	at org.apache.spark.sql.exec
ution.streaming.StreamExecuti
on.$anonfun$runStream$1(Strea
mExecution.scala:311)
	at scala.runtime.java8.JFunc
tion0$mcV$sp.apply(JFunction0
$mcV$sp.java:23)
	at org.apache.spark.sql.Spar
kSession.withActive(SparkSess
ion.scala:900)
	at org.apache.spark.sql.exec
ution.streaming.StreamExecuti
on.org$apache$spark$sql$execu
tion$streaming$StreamExecutio
n$$runStream(StreamExecution.
scala:289)
	at org.apache.spark.sql.exec
ution.streaming.StreamExecuti
on$$anon$1.$anonfun$run$1(Str
eamExecution.scala:211)
	at scala.runtime.java8.JFunc
tion0$mcV$sp.apply(JFunction0
$mcV$sp.java:23)
	at org.apache.spark.JobArtif
actSet$.withActiveJobArtifact
State(JobArtifactSet.scala:94
)
	at org.apache.spark.sql.exec
ution.streaming.StreamExecuti
on$$anon$1.run(StreamExecutio
n.scala:211)
Caused by: java.sql.BatchUpda
teException: Batch entry 0 
INSERT INTO 
public.realtime_transactions 
("event_id","account_id","amo
unt","txn_type","currency","t
imestamp","merchant","is_frau
d_flag") VALUES ('ae69fcd4-6f
39-4442-9b64-85e27270d6eb',31
1,2362.4,'TRANSFER','VND','20
26-03-18T03:46:35.774954Z','H
arvey Inc',0) was aborted: 
ERROR: column "timestamp" is 
of type timestamp without 
time zone but expression is 
of type character varying
  Hint: You will need to 
rewrite or cast the 
expression.
  Position: 161  Call 
getNextException to see 
other errors in the batch.
	at org.postgresql.jdbc.Batch
ResultHandler.handleError(Bat
chResultHandler.java:165)
	at org.postgresql.core.Resul
tHandlerDelegate.handleError(
ResultHandlerDelegate.java:52
)
	at org.postgresql.core.v3.Qu
eryExecutorImpl.processResult
s(QueryExecutorImpl.java:2402
)
	at org.postgresql.core.v3.Qu
eryExecutorImpl.execute(Query
ExecutorImpl.java:574)
	at org.postgresql.jdbc.PgSta
tement.internalExecuteBatch(P
gStatement.java:896)
	at org.postgresql.jdbc.PgSta
tement.executeBatch(PgStateme
nt.java:919)
	at org.postgresql.jdbc.PgPre
paredStatement.executeBatch(P
gPreparedStatement.java:1685)
	at org.apache.spark.sql.exec
ution.datasources.jdbc.JdbcUt
ils$.savePartition(JdbcUtils.
scala:751)
	at org.apache.spark.sql.exec
ution.datasources.jdbc.JdbcUt
ils$.$anonfun$saveTable$1(Jdb
cUtils.scala:902)
	at org.apache.spark.sql.exec
ution.datasources.jdbc.JdbcUt
ils$.$anonfun$saveTable$1$ada
pted(JdbcUtils.scala:901)
	at org.apache.spark.rdd.RDD.
$anonfun$foreachPartition$2(R
DD.scala:1036)
	at org.apache.spark.rdd.RDD.
$anonfun$foreachPartition$2$a
dapted(RDD.scala:1036)
	at org.apache.spark.SparkCon
text.$anonfun$runJob$5(SparkC
ontext.scala:2438)
	at org.apache.spark.schedule
r.ResultTask.runTask(ResultTa
sk.scala:93)
	at org.apache.spark.TaskCont
ext.runTaskWithListeners(Task
Context.scala:161)
	at org.apache.spark.schedule
r.Task.run(Task.scala:141)
	at org.apache.spark.executor
.Executor$TaskRunner.$anonfun
$run$4(Executor.scala:620)
	at org.apache.spark.util.Spa
rkErrorUtils.tryWithSafeFinal
ly(SparkErrorUtils.scala:64)
	at org.apache.spark.util.Spa
rkErrorUtils.tryWithSafeFinal
ly$(SparkErrorUtils.scala:61)
	at org.apache.spark.util.Uti
ls$.tryWithSafeFinally(Utils.
scala:94)
	at org.apache.spark.executor
.Executor$TaskRunner.run(Exec
utor.scala:623)
	at java.base/java.util.concu
rrent.ThreadPoolExecutor.runW
orker(Unknown Source)
	at java.base/java.util.concu
rrent.ThreadPoolExecutor$Work
er.run(Unknown Source)
	at java.base/java.lang.Threa
d.run(Unknown Source)
Caused by: org.postgresql.uti
l.PSQLException: ERROR: 
column "timestamp" is of 
type timestamp without time 
zone but expression is of 
type character varying
  Hint: You will need to 
rewrite or cast the 
expression.
  Position: 161
	at org.postgresql.core.v3.Qu
eryExecutorImpl.receiveErrorR
esponse(QueryExecutorImpl.jav
a:2713)
	at org.postgresql.core.v3.Qu
eryExecutorImpl.processResult
s(QueryExecutorImpl.java:2401
)
	... 21 more


	at py4j.Protocol.getReturnVa
lue(Protocol.java:476)
	at py4j.reflection.PythonPro
xyHandler.invoke(PythonProxyH
andler.java:108)
	at com.sun.proxy.$Proxy38.ca
ll(Unknown Source)
	at org.apache.spark.sql.exec
ution.streaming.sources.Pytho
nForeachBatchHelper$.$anonfun
$callForeachBatch$1(ForeachBa
tchSink.scala:53)
	at org.apache.spark.sql.exec
ution.streaming.sources.Pytho
nForeachBatchHelper$.$anonfun
$callForeachBatch$1$adapted(F
oreachBatchSink.scala:53)
	at org.apache.spark.sql.exec
ution.streaming.sources.Forea
chBatchSink.addBatch(ForeachB
atchSink.scala:34)
	at org.apache.spark.sql.exec
ution.streaming.MicroBatchExe
cution.$anonfun$runBatch$17(M
icroBatchExecution.scala:732)
	at org.apache.spark.sql.exec
ution.SQLExecution$.$anonfun$
withNewExecutionId$6(SQLExecu
tion.scala:125)
	at org.apache.spark.sql.exec
ution.SQLExecution$.withSQLCo
nfPropagated(SQLExecution.sca
la:201)
	at org.apache.spark.sql.exec
ution.SQLExecution$.$anonfun$
withNewExecutionId$1(SQLExecu
tion.scala:108)
	at org.apache.spark.sql.Spar
kSession.withActive(SparkSess
ion.scala:900)
	at org.apache.spark.sql.exec
ution.SQLExecution$.withNewEx
ecutionId(SQLExecution.scala:
66)
	at org.apache.spark.sql.exec
ution.streaming.MicroBatchExe
cution.$anonfun$runBatch$16(M
icroBatchExecution.scala:729)
	at org.apache.spark.sql.exec
ution.streaming.ProgressRepor
ter.reportTimeTaken(ProgressR
eporter.scala:427)
	at org.apache.spark.sql.exec
ution.streaming.ProgressRepor
ter.reportTimeTaken$(Progress
Reporter.scala:425)
	at org.apache.spark.sql.exec
ution.streaming.StreamExecuti
on.reportTimeTaken(StreamExec
ution.scala:67)
	at org.apache.spark.sql.exec
ution.streaming.MicroBatchExe
cution.runBatch(MicroBatchExe
cution.scala:729)
	at org.apache.spark.sql.exec
ution.streaming.MicroBatchExe
cution.$anonfun$runActivatedS
tream$2(MicroBatchExecution.s
cala:286)
	at scala.runtime.java8.JFunc
tion0$mcV$sp.apply(JFunction0
$mcV$sp.java:23)
	at org.apache.spark.sql.exec
ution.streaming.ProgressRepor
ter.reportTimeTaken(ProgressR
eporter.scala:427)
	at org.apache.spark.sql.exec
ution.streaming.ProgressRepor
ter.reportTimeTaken$(Progress
Reporter.scala:425)
	at org.apache.spark.sql.exec
ution.streaming.StreamExecuti
on.reportTimeTaken(StreamExec
ution.scala:67)
	at org.apache.spark.sql.exec
ution.streaming.MicroBatchExe
cution.$anonfun$runActivatedS
tream$1(MicroBatchExecution.s
cala:249)
	at org.apache.spark.sql.exec
ution.streaming.ProcessingTim
eExecutor.execute(TriggerExec
utor.scala:67)
	at org.apache.spark.sql.exec
ution.streaming.MicroBatchExe
cution.runActivatedStream(Mic
roBatchExecution.scala:239)
	at org.apache.spark.sql.exec
ution.streaming.StreamExecuti
on.$anonfun$runStream$1(Strea
mExecution.scala:311)
	at scala.runtime.java8.JFunc
tion0$mcV$sp.apply(JFunction0
$mcV$sp.java:23)
	at org.apache.spark.sql.Spar
kSession.withActive(SparkSess
ion.scala:900)
	at org.apache.spark.sql.exec
ution.streaming.StreamExecuti
on.org$apache$spark$sql$execu
tion$streaming$StreamExecutio
n$$runStream(StreamExecution.
scala:289)
	at org.apache.spark.sql.exec
ution.streaming.StreamExecuti
on$$anon$1.$anonfun$run$1(Str
eamExecution.scala:211)
	at scala.runtime.java8.JFunc
tion0$mcV$sp.apply(JFunction0
$mcV$sp.java:23)
	at org.apache.spark.JobArtif
actSet$.withActiveJobArtifact
State(JobArtifactSet.scala:94
)
	at org.apache.spark.sql.exec
ution.streaming.StreamExecuti
on$$anon$1.run(StreamExecutio
n.scala:211)
Traceback (most recent call last):
  File "/opt/spark/jobs/streaming_job.py", line 86, in <module>
    process_stream()
  File "/opt/spark/jobs/streaming_job.py", line 83, in process_stream
    spark.streams.awaitAnyTermination()
  File "/opt/spark/python/lib/pyspark.zip/pyspark/sql/streaming/query.py", line 596, in awaitAnyTermination
  File "/opt/spark/python/lib/py4j-0.10.9.7-src.zip/py4j/java_gateway.py", line 1322, in __call__
  File "/opt/spark/python/lib/pyspark.zip/pyspark/errors/exceptions/captured.py", line 185, in deco
pyspark.errors.exceptions.captured.StreamingQueryException: [STREAM_FAILED] Query [id = 79334b6f-3ca4-495c-aeed-c9bc92acdcd3, runId = a418f170-ea4f-436a-a909-72122d9c4ad3] terminated with exception: An exception was raised by the Python Proxy. Return Message: Traceback (most recent call last):
  File "/opt/spark/python/lib/py4j-0.10.9.7-src.zip/py4j/clientserver.py", line 617, in _call_proxy
    return_value = getattr(self.pool[obj_id], method)(*params)
  File "/opt/spark/python/lib/pyspark.zip/pyspark/sql/utils.py", line 120, in call
    raise e
  File "/opt/spark/python/lib/pyspark.zip/pyspark/sql/utils.py", line 117, in call
    self.func(DataFrame(jdf, wrapped_session_jdf), batch_id)
  File "/opt/spark/jobs/streaming_job.py", line 68, in write_to_postgres_and_console
    batch_df.write \
  File "/opt/spark/python/lib/pyspark.zip/pyspark/sql/readwriter.py", line 1461, in save
    self._jwrite.save()
  File "/opt/spark/python/lib/py4j-0.10.9.7-src.zip/py4j/java_gateway.py", line 1322, in __call__
    return_value = get_return_value(
  File "/opt/spark/python/lib/pyspark.zip/pyspark/errors/exceptions/captured.py", line 179, in deco
    return f(*a, **kw)
  File "/opt/spark/python/lib/py4j-0.10.9.7-src.zip/py4j/protocol.py", line 326, in get_return_value
    raise Py4JJavaError(
py4j.protocol.Py4JJavaError: An error occurred while calling o95.save.
: org.apache.spark.SparkException: Job aborted due to stage failure: Task 0 in stage 2.0 failed 4 times, most recent failure: Lost task 0.3 in stage 2.0 (TID 9) (172.21.0.5 executor 0): java.sql.BatchUpdateException: Batch entry 0 INSERT INTO public.realtime_transactions ("event_id","account_id","amount","txn_type","currency","timestamp","merchant","is_fraud_flag") VALUES ('ae69fcd4-6f39-4442-9b64-85e27270d6eb',311,2362.4,'TRANSFER','VND','2026-03-18T03:46:35.774954Z','Harvey Inc',0) was aborted: ERROR: column "timestamp" is of type timestamp without time zone but expression is of type character varying
  Hint: You will need to rewrite or cast the expression.
  Position: 161  Call getNextException to see other errors in the batch.
	at org.postgresql.jdbc.BatchResultHandler.handleError(BatchResultHandler.java:165)
	at org.postgresql.core.ResultHandlerDelegate.handleError(ResultHandlerDelegate.java:52)
	at org.postgresql.core.v3.QueryExecutorImpl.processResults(QueryExecutorImpl.java:2402)
	at org.postgresql.core.v3.QueryExecutorImpl.execute(QueryExecutorImpl.java:574)
	at org.postgresql.jdbc.PgStatement.internalExecuteBatch(PgStatement.java:896)
	at org.postgresql.jdbc.PgStatement.executeBatch(PgStatement.java:919)
	at org.postgresql.jdbc.PgPreparedStatement.executeBatch(PgPreparedStatement.java:1685)
	at org.apache.spark.sql.execution.datasources.jdbc.JdbcUtils$.savePartition(JdbcUtils.scala:751)
	at org.apache.spark.sql.execution.datasources.jdbc.JdbcUtils$.$anonfun$saveTable$1(JdbcUtils.scala:902)
	at org.apache.spark.sql.execution.datasources.jdbc.JdbcUtils$.$anonfun$saveTable$1$adapted(JdbcUtils.scala:901)
	at org.apache.spark.rdd.RDD.$anonfun$foreachPartition$2(RDD.scala:1036)
	at org.apache.spark.rdd.RDD.$anonfun$foreachPartition$2$adapted(RDD.scala:1036)
	at org.apache.spark.SparkContext.$anonfun$runJob$5(SparkContext.scala:2438)
	at org.apache.spark.scheduler.ResultTask.runTask(ResultTask.scala:93)
	at org.apache.spark.TaskContext.runTaskWithListeners(TaskContext.scala:161)
	at org.apache.spark.scheduler.Task.run(Task.scala:141)
	at org.apache.spark.executor.Executor$TaskRunner.$anonfun$run$4(Executor.scala:620)
	at org.apache.spark.util.SparkErrorUtils.tryWithSafeFinally(SparkErrorUtils.scala:64)
	at org.apache.spark.util.SparkErrorUtils.tryWithSafeFinally$(SparkErrorUtils.scala:61)
	at org.apache.spark.util.Utils$.tryWithSafeFinally(Utils.scala:94)
	at org.apache.spark.executor.Executor$TaskRunner.run(Executor.scala:623)
	at java.base/java.util.concurrent.ThreadPoolExecutor.runWorker(Unknown Source)
	at java.base/java.util.concurrent.ThreadPoolExecutor$Worker.run(Unknown Source)
	at java.base/java.lang.Thread.run(Unknown Source)
Caused by: org.postgresql.util.PSQLException: ERROR: column "timestamp" is of type timestamp without time zone but expression is of type character varying
  Hint: You will need to rewrite or cast the expression.
  Position: 161
	at org.postgresql.core.v3.QueryExecutorImpl.receiveErrorResponse(QueryExecutorImpl.java:2713)
	at org.postgresql.core.v3.QueryExecutorImpl.processResults(QueryExecutorImpl.java:2401)
	... 21 more

Driver stacktrace:
	at org.apache.spark.scheduler.DAGScheduler.failJobAndIndependentStages(DAGScheduler.scala:2844)
	at org.apache.spark.scheduler.DAGScheduler.$anonfun$abortStage$2(DAGScheduler.scala:2780)
	at org.apache.spark.scheduler.DAGScheduler.$anonfun$abortStage$2$adapted(DAGScheduler.scala:2779)
	at scala.collection.mutable.ResizableArray.foreach(ResizableArray.scala:62)
	at scala.collection.mutable.ResizableArray.foreach$(ResizableArray.scala:55)
	at scala.collection.mutable.ArrayBuffer.foreach(ArrayBuffer.scala:49)
	at org.apache.spark.scheduler.DAGScheduler.abortStage(DAGScheduler.scala:2779)
	at org.apache.spark.scheduler.DAGScheduler.$anonfun$handleTaskSetFailed$1(DAGScheduler.scala:1242)
	at org.apache.spark.scheduler.DAGScheduler.$anonfun$handleTaskSetFailed$1$adapted(DAGScheduler.scala:1242)
	at scala.Option.foreach(Option.scala:407)
	at org.apache.spark.scheduler.DAGScheduler.handleTaskSetFailed(DAGScheduler.scala:1242)
	at org.apache.spark.scheduler.DAGSchedulerEventProcessLoop.doOnReceive(DAGScheduler.scala:3048)
	at org.apache.spark.scheduler.DAGSchedulerEventProcessLoop.onReceive(DAGScheduler.scala:2982)
	at org.apache.spark.scheduler.DAGSchedulerEventProcessLoop.onReceive(DAGScheduler.scala:2971)
	at org.apache.spark.util.EventLoop$$anon$1.run(EventLoop.scala:49)
	at org.apache.spark.scheduler.DAGScheduler.runJob(DAGScheduler.scala:984)
	at org.apache.spark.SparkContext.runJob(SparkContext.scala:2398)
	at org.apache.spark.SparkContext.runJob(SparkContext.scala:2419)
	at org.apache.spark.SparkContext.runJob(SparkContext.scala:2438)
	at org.apache.spark.SparkContext.runJob(SparkContext.scala:2463)
	at org.apache.spark.rdd.RDD.$anonfun$foreachPartition$1(RDD.scala:1036)
	at org.apache.spark.rdd.RDDOperationScope$.withScope(RDDOperationScope.scala:151)
	at org.apache.spark.rdd.RDDOperationScope$.withScope(RDDOperationScope.scala:112)
	at org.apache.spark.rdd.RDD.withScope(RDD.scala:407)
	at org.apache.spark.rdd.RDD.foreachPartition(RDD.scala:1034)
	at org.apache.spark.sql.execution.datasources.jdbc.JdbcUtils$.saveTable(JdbcUtils.scala:901)
	at org.apache.spark.sql.execution.datasources.jdbc.JdbcRelationProvider.createRelation(JdbcRelationProvider.scala:70)
	at org.apache.spark.sql.execution.datasources.SaveIntoDataSourceCommand.run(SaveIntoDataSourceCommand.scala:48)
	at org.apache.spark.sql.execution.command.ExecutedCommandExec.sideEffectResult$lzycompute(commands.scala:75)
	at org.apache.spark.sql.execution.command.ExecutedCommandExec.sideEffectResult(commands.scala:73)
	at org.apache.spark.sql.execution.command.ExecutedCommandExec.executeCollect(commands.scala:84)
	at org.apache.spark.sql.execution.QueryExecution$$anonfun$eagerlyExecuteCommands$1.$anonfun$applyOrElse$1(QueryExecution.scala:107)
	at org.apache.spark.sql.execution.SQLExecution$.$anonfun$withNewExecutionId$6(SQLExecution.scala:125)
	at org.apache.spark.sql.execution.SQLExecution$.withSQLConfPropagated(SQLExecution.scala:201)
	at org.apache.spark.sql.execution.SQLExecution$.$anonfun$withNewExecutionId$1(SQLExecution.scala:108)
	at org.apache.spark.sql.SparkSession.withActive(SparkSession.scala:900)
	at org.apache.spark.sql.execution.SQLExecution$.withNewExecutionId(SQLExecution.scala:66)
	at org.apache.spark.sql.execution.QueryExecution$$anonfun$eagerlyExecuteCommands$1.applyOrElse(QueryExecution.scala:107)
	at org.apache.spark.sql.execution.QueryExecution$$anonfun$eagerlyExecuteCommands$1.applyOrElse(QueryExecution.scala:98)
	at org.apache.spark.sql.catalyst.trees.TreeNode.$anonfun$transformDownWithPruning$1(TreeNode.scala:461)
	at org.apache.spark.sql.catalyst.trees.CurrentOrigin$.withOrigin(origin.scala:76)
	at org.apache.spark.sql.catalyst.trees.TreeNode.transformDownWithPruning(TreeNode.scala:461)
	at org.apache.spark.sql.catalyst.plans.logical.LogicalPlan.org$apache$spark$sql$catalyst$plans$logical$AnalysisHelper$$super$transformDownWithPruning(LogicalPlan.scala:32)
	at org.apache.spark.sql.catalyst.plans.logical.AnalysisHelper.transformDownWithPruning(AnalysisHelper.scala:267)
	at org.apache.spark.sql.catalyst.plans.logical.AnalysisHelper.transformDownWithPruning$(AnalysisHelper.scala:263)
	at org.apache.spark.sql.catalyst.plans.logical.LogicalPlan.transformDownWithPruning(LogicalPlan.scala:32)
	at org.apache.spark.sql.catalyst.plans.logical.LogicalPlan.transformDownWithPruning(LogicalPlan.scala:32)
	at org.apache.spark.sql.catalyst.trees.TreeNode.transformDown(TreeNode.scala:437)
	at org.apache.spark.sql.execution.QueryExecution.eagerlyExecuteCommands(QueryExecution.scala:98)
	at org.apache.spark.sql.execution.QueryExecution.commandExecuted$lzycompute(QueryExecution.scala:85)
	at org.apache.spark.sql.execution.QueryExecution.commandExecuted(QueryExecution.scala:83)
	at org.apache.spark.sql.execution.QueryExecution.assertCommandExecuted(QueryExecution.scala:142)
	at org.apache.spark.sql.DataFrameWriter.runCommand(DataFrameWriter.scala:859)
	at org.apache.spark.sql.DataFrameWriter.saveToV1Source(DataFrameWriter.scala:388)
	at org.apache.spark.sql.DataFrameWriter.saveInternal(DataFrameWriter.scala:361)
	at org.apache.spark.sql.DataFrameWriter.save(DataFrameWriter.scala:248)
	at java.base/jdk.internal.reflect.NativeMethodAccessorImpl.invoke0(Native Method)
	at java.base/jdk.internal.reflect.NativeMethodAccessorImpl.invoke(Unknown Source)
	at java.base/jdk.internal.reflect.DelegatingMethodAccessorImpl.invoke(Unknown Source)
	at java.base/java.lang.reflect.Method.invoke(Unknown Source)
	at py4j.reflection.MethodInvoker.invoke(MethodInvoker.java:244)
	at py4j.reflection.ReflectionEngine.invoke(ReflectionEngine.java:374)
	at py4j.Gateway.invoke(Gateway.java:282)
	at py4j.commands.AbstractCommand.invokeMethod(AbstractCommand.java:132)
	at py4j.commands.CallCommand.execute(CallCommand.java:79)
	at py4j.ClientServerConnection.sendCommand(ClientServerConnection.java:244)
	at py4j.CallbackClient.sendCommand(CallbackClient.java:384)
	at py4j.CallbackClient.sendCommand(CallbackClient.java:356)
	at py4j.reflection.PythonProxyHandler.invoke(PythonProxyHandler.java:106)
	at com.sun.proxy.$Proxy38.call(Unknown Source)
	at org.apache.spark.sql.execution.streaming.sources.PythonForeachBatchHelper$.$anonfun$callForeachBatch$1(ForeachBatchSink.scala:53)
	at org.apache.spark.sql.execution.streaming.sources.PythonForeachBatchHelper$.$anonfun$callForeachBatch$1$adapted(ForeachBatchSink.scala:53)
	at org.apache.spark.sql.execution.streaming.sources.ForeachBatchSink.addBatch(ForeachBatchSink.scala:34)
	at org.apache.spark.sql.execution.streaming.MicroBatchExecution.$anonfun$runBatch$17(MicroBatchExecution.scala:732)
	at org.apache.spark.sql.execution.SQLExecution$.$anonfun$withNewExecutionId$6(SQLExecution.scala:125)
	at org.apache.spark.sql.execution.SQLExecution$.withSQLConfPropagated(SQLExecution.scala:201)
	at org.apache.spark.sql.execution.SQLExecution$.$anonfun$withNewExecutionId$1(SQLExecution.scala:108)
	at org.apache.spark.sql.SparkSession.withActive(SparkSession.scala:900)
	at org.apache.spark.sql.execution.SQLExecution$.withNewExecutionId(SQLExecution.scala:66)
	at org.apache.spark.sql.execution.streaming.MicroBatchExecution.$anonfun$runBatch$16(MicroBatchExecution.scala:729)
	at org.apache.spark.sql.execution.streaming.ProgressReporter.reportTimeTaken(ProgressReporter.scala:427)
	at org.apache.spark.sql.execution.streaming.ProgressReporter.reportTimeTaken$(ProgressReporter.scala:425)
	at org.apache.spark.sql.execution.streaming.StreamExecution.reportTimeTaken(StreamExecution.scala:67)
	at org.apache.spark.sql.execution.streaming.MicroBatchExecution.runBatch(MicroBatchExecution.scala:729)
	at org.apache.spark.sql.execution.streaming.MicroBatchExecution.$anonfun$runActivatedStream$2(MicroBatchExecution.scala:286)
	at scala.runtime.java8.JFunction0$mcV$sp.apply(JFunction0$mcV$sp.java:23)
	at org.apache.spark.sql.execution.streaming.ProgressReporter.reportTimeTaken(ProgressReporter.scala:427)
	at org.apache.spark.sql.execution.streaming.ProgressReporter.reportTimeTaken$(ProgressReporter.scala:425)
	at org.apache.spark.sql.execution.streaming.StreamExecution.reportTimeTaken(StreamExecution.scala:67)
	at org.apache.spark.sql.execution.streaming.MicroBatchExecution.$anonfun$runActivatedStream$1(MicroBatchExecution.scala:249)
	at org.apache.spark.sql.execution.streaming.ProcessingTimeExecutor.execute(TriggerExecutor.scala:67)
	at org.apache.spark.sql.execution.streaming.MicroBatchExecution.runActivatedStream(MicroBatchExecution.scala:239)
	at org.apache.spark.sql.execution.streaming.StreamExecution.$anonfun$runStream$1(StreamExecution.scala:311)
	at scala.runtime.java8.JFunction0$mcV$sp.apply(JFunction0$mcV$sp.java:23)
	at org.apache.spark.sql.SparkSession.withActive(SparkSession.scala:900)
	at org.apache.spark.sql.execution.streaming.StreamExecution.org$apache$spark$sql$execution$streaming$StreamExecution$$runStream(StreamExecution.scala:289)
	at org.apache.spark.sql.execution.streaming.StreamExecution$$anon$1.$anonfun$run$1(StreamExecution.scala:211)
	at scala.runtime.java8.JFunction0$mcV$sp.apply(JFunction0$mcV$sp.java:23)
	at org.apache.spark.JobArtifactSet$.withActiveJobArtifactState(JobArtifactSet.scala:94)
	at org.apache.spark.sql.execution.streaming.StreamExecution$$anon$1.run(StreamExecution.scala:211)
Caused by: java.sql.BatchUpdateException: Batch entry 0 INSERT INTO public.realtime_transactions ("event_id","account_id","amount","txn_type","currency","timestamp","merchant","is_fraud_flag") VALUES ('ae69fcd4-6f39-4442-9b64-85e27270d6eb',311,2362.4,'TRANSFER','VND','2026-03-18T03:46:35.774954Z','Harvey Inc',0) was aborted: ERROR: column "timestamp" is of type timestamp without time zone but expression is of type character varying
  Hint: You will need to rewrite or cast the expression.
  Position: 161  Call getNextException to see other errors in the batch.
	at org.postgresql.jdbc.BatchResultHandler.handleError(BatchResultHandler.java:165)
	at org.postgresql.core.ResultHandlerDelegate.handleError(ResultHandlerDelegate.java:52)
	at org.postgresql.core.v3.QueryExecutorImpl.processResults(QueryExecutorImpl.java:2402)
	at org.postgresql.core.v3.QueryExecutorImpl.execute(QueryExecutorImpl.java:574)
	at org.postgresql.jdbc.PgStatement.internalExecuteBatch(PgStatement.java:896)
	at org.postgresql.jdbc.PgStatement.executeBatch(PgStatement.java:919)
	at org.postgresql.jdbc.PgPreparedStatement.executeBatch(PgPreparedStatement.java:1685)
	at org.apache.spark.sql.execution.datasources.jdbc.JdbcUtils$.savePartition(JdbcUtils.scala:751)
	at org.apache.spark.sql.execution.datasources.jdbc.JdbcUtils$.$anonfun$saveTable$1(JdbcUtils.scala:902)
	at org.apache.spark.sql.execution.datasources.jdbc.JdbcUtils$.$anonfun$saveTable$1$adapted(JdbcUtils.scala:901)
	at org.apache.spark.rdd.RDD.$anonfun$foreachPartition$2(RDD.scala:1036)
	at org.apache.spark.rdd.RDD.$anonfun$foreachPartition$2$adapted(RDD.scala:1036)
	at org.apache.spark.SparkContext.$anonfun$runJob$5(SparkContext.scala:2438)
	at org.apache.spark.scheduler.ResultTask.runTask(ResultTask.scala:93)
	at org.apache.spark.TaskContext.runTaskWithListeners(TaskContext.scala:161)
	at org.apache.spark.scheduler.Task.run(Task.scala:141)
	at org.apache.spark.executor.Executor$TaskRunner.$anonfun$run$4(Executor.scala:620)
	at org.apache.spark.util.SparkErrorUtils.tryWithSafeFinally(SparkErrorUtils.scala:64)
	at org.apache.spark.util.SparkErrorUtils.tryWithSafeFinally$(SparkErrorUtils.scala:61)
	at org.apache.spark.util.Utils$.tryWithSafeFinally(Utils.scala:94)
	at org.apache.spark.executor.Executor$TaskRunner.run(Executor.scala:623)
	at java.base/java.util.concurrent.ThreadPoolExecutor.runWorker(Unknown Source)
	at java.base/java.util.concurrent.ThreadPoolExecutor$Worker.run(Unknown Source)
	at java.base/java.lang.Thread.run(Unknown Source)
Caused by: org.postgresql.util.PSQLException: ERROR: column "timestamp" is of type timestamp without time zone but expression is of type character varying
  Hint: You will need to rewrite or cast the expression.
  Position: 161
	at org.postgresql.core.v3.QueryExecutorImpl.receiveErrorResponse(QueryExecutorImpl.java:2713)
	at org.postgresql.core.v3.QueryExecutorImpl.processResults(QueryExecutorImpl.java:2401)
	... 21 more


26/03/18 03:46:44 ERROR 
FileFormatWriter: Aborting 
job 034d4ce1-fde3-4d77-b546-9
c9685ddbb53.
org.apache.spark.SparkExcepti
on: Job 8 cancelled because 
SparkContext was shut down
	at org.apache.spark.schedule
r.DAGScheduler.$anonfun$clean
UpAfterSchedulerStop$1(DAGSch
eduler.scala:1248)
	at org.apache.spark.schedule
r.DAGScheduler.$anonfun$clean
UpAfterSchedulerStop$1$adapte
d(DAGScheduler.scala:1246)
	at scala.collection.mutable.
HashSet.foreach(HashSet.scala
:79)
	at org.apache.spark.schedule
r.DAGScheduler.cleanUpAfterSc
hedulerStop(DAGScheduler.scal
a:1246)
	at org.apache.spark.schedule
r.DAGSchedulerEventProcessLoo
p.onStop(DAGScheduler.scala:3
075)
	at org.apache.spark.util.Eve
ntLoop.stop(EventLoop.scala:8
4)
	at org.apache.spark.schedule
r.DAGScheduler.$anonfun$stop$
3(DAGScheduler.scala:2961)
	at org.apache.spark.util.Uti
ls$.tryLogNonFatalError(Utils
.scala:1375)
	at org.apache.spark.schedule
r.DAGScheduler.stop(DAGSchedu
ler.scala:2961)
	at org.apache.spark.SparkCon
text.$anonfun$stop$12(SparkCo
ntext.scala:2263)
	at org.apache.spark.util.Uti
ls$.tryLogNonFatalError(Utils
.scala:1375)
	at org.apache.spark.SparkCon
text.stop(SparkContext.scala:
2263)
	at org.apache.spark.SparkCon
text.stop(SparkContext.scala:
2216)
	at org.apache.spark.SparkCon
text.$anonfun$new$34(SparkCon
text.scala:686)
	at org.apache.spark.util.Spa
rkShutdownHook.run(ShutdownHo
okManager.scala:214)
	at org.apache.spark.util.Spa
rkShutdownHookManager.$anonfu
n$runAll$2(ShutdownHookManage
r.scala:188)
	at scala.runtime.java8.JFunc
tion0$mcV$sp.apply(JFunction0
$mcV$sp.java:23)
	at org.apache.spark.util.Uti
ls$.logUncaughtExceptions(Uti
ls.scala:1928)
	at org.apache.spark.util.Spa
rkShutdownHookManager.$anonfu
n$runAll$1(ShutdownHookManage
r.scala:188)
	at scala.runtime.java8.JFunc
tion0$mcV$sp.apply(JFunction0
$mcV$sp.java:23)
	at scala.util.Try$.apply(Try
.scala:213)
	at org.apache.spark.util.Spa
rkShutdownHookManager.runAll(
ShutdownHookManager.scala:188
)
	at org.apache.spark.util.Spa
rkShutdownHookManager$$anon$2
.run(ShutdownHookManager.scal
a:178)
	at java.base/java.util.concu
rrent.Executors$RunnableAdapt
er.call(Unknown Source)
	at java.base/java.util.concu
rrent.FutureTask.run(Unknown 
Source)
	at java.base/java.util.concu
rrent.ThreadPoolExecutor.runW
orker(Unknown Source)
	at java.base/java.util.concu
rrent.ThreadPoolExecutor$Work
er.run(Unknown Source)
	at java.base/java.lang.Threa
d.run(Unknown Source)
	at org.apache.spark.schedule
r.DAGScheduler.runJob(DAGSche
duler.scala:984)
	at org.apache.spark.SparkCon
text.runJob(SparkContext.scal
a:2398)
	at org.apache.spark.sql.exec
ution.datasources.FileFormatW
riter$.$anonfun$executeWrite$
1(FileFormatWriter.scala:241)
	at org.apache.spark.sql.exec
ution.datasources.FileFormatW
riter$.writeAndCommit(FileFor
matWriter.scala:271)
	at org.apache.spark.sql.exec
ution.datasources.FileFormatW
riter$.executeWrite(FileForma
tWriter.scala:212)
	at org.apache.spark.sql.exec
ution.datasources.FileFormatW
riter$.write(FileFormatWriter
.scala:193)
	at org.apache.spark.sql.exec
ution.streaming.FileStreamSin
k.addBatch(FileStreamSink.sca
la:171)
	at org.apache.spark.sql.exec
ution.streaming.MicroBatchExe
cution.$anonfun$runBatch$17(M
icroBatchExecution.scala:732)
	at org.apache.spark.sql.exec
ution.SQLExecution$.$anonfun$
withNewExecutionId$6(SQLExecu
tion.scala:125)
	at org.apache.spark.sql.exec
ution.SQLExecution$.withSQLCo
nfPropagated(SQLExecution.sca
la:201)
	at org.apache.spark.sql.exec
ution.SQLExecution$.$anonfun$
withNewExecutionId$1(SQLExecu
tion.scala:108)
	at org.apache.spark.sql.Spar
kSession.withActive(SparkSess
ion.scala:900)
	at org.apache.spark.sql.exec
ution.SQLExecution$.withNewEx
ecutionId(SQLExecution.scala:
66)
	at org.apache.spark.sql.exec
ution.streaming.MicroBatchExe
cution.$anonfun$runBatch$16(M
icroBatchExecution.scala:729)
	at org.apache.spark.sql.exec
ution.streaming.ProgressRepor
ter.reportTimeTaken(ProgressR
eporter.scala:427)
	at org.apache.spark.sql.exec
ution.streaming.ProgressRepor
ter.reportTimeTaken$(Progress
Reporter.scala:425)
	at org.apache.spark.sql.exec
ution.streaming.StreamExecuti
on.reportTimeTaken(StreamExec
ution.scala:67)
	at org.apache.spark.sql.exec
ution.streaming.MicroBatchExe
cution.runBatch(MicroBatchExe
cution.scala:729)
	at org.apache.spark.sql.exec
ution.streaming.MicroBatchExe
cution.$anonfun$runActivatedS
tream$2(MicroBatchExecution.s
cala:286)
	at scala.runtime.java8.JFunc
tion0$mcV$sp.apply(JFunction0
$mcV$sp.java:23)
	at org.apache.spark.sql.exec
ution.streaming.ProgressRepor
ter.reportTimeTaken(ProgressR
eporter.scala:427)
	at org.apache.spark.sql.exec
ution.streaming.ProgressRepor
ter.reportTimeTaken$(Progress
Reporter.scala:425)
	at org.apache.spark.sql.exec
ution.streaming.StreamExecuti
on.reportTimeTaken(StreamExec
ution.scala:67)
	at org.apache.spark.sql.exec
ution.streaming.MicroBatchExe
cution.$anonfun$runActivatedS
tream$1(MicroBatchExecution.s
cala:249)
	at org.apache.spark.sql.exec
ution.streaming.ProcessingTim
eExecutor.execute(TriggerExec
utor.scala:67)
	at org.apache.spark.sql.exec
ution.streaming.MicroBatchExe
cution.runActivatedStream(Mic
roBatchExecution.scala:239)
	at org.apache.spark.sql.exec
ution.streaming.StreamExecuti
on.$anonfun$runStream$1(Strea
mExecution.scala:311)
	at scala.runtime.java8.JFunc
tion0$mcV$sp.apply(JFunction0
$mcV$sp.java:23)
	at org.apache.spark.sql.Spar
kSession.withActive(SparkSess
ion.scala:900)
	at org.apache.spark.sql.exec
ution.streaming.StreamExecuti
on.org$apache$spark$sql$execu
tion$streaming$StreamExecutio
n$$runStream(StreamExecution.
scala:289)
	at org.apache.spark.sql.exec
ution.streaming.StreamExecuti
on$$anon$1.$anonfun$run$1(Str
eamExecution.scala:211)
	at scala.runtime.java8.JFunc
tion0$mcV$sp.apply(JFunction0
$mcV$sp.java:23)
	at org.apache.spark.JobArtif
actSet$.withActiveJobArtifact
State(JobArtifactSet.scala:94
)
	at org.apache.spark.sql.exec
ution.streaming.StreamExecuti
on$$anon$1.run(StreamExecutio
n.scala:211)
26/03/18 03:46:44 ERROR 
MicroBatchExecution: Query 
[id = 25b7d9f5-0b2c-40e3-a5e2
-113e297682ae, runId = b64832
ce-550c-49e7-bea4-d82f4717ed9
d] terminated with error
org.apache.spark.SparkExcepti
on: Job 8 cancelled because 
SparkContext was shut down
	at org.apache.spark.schedule
r.DAGScheduler.$anonfun$clean
UpAfterSchedulerStop$1(DAGSch
eduler.scala:1248)
	at org.apache.spark.schedule
r.DAGScheduler.$anonfun$clean
UpAfterSchedulerStop$1$adapte
d(DAGScheduler.scala:1246)
	at scala.collection.mutable.
HashSet.foreach(HashSet.scala
:79)
	at org.apache.spark.schedule
r.DAGScheduler.cleanUpAfterSc
hedulerStop(DAGScheduler.scal
a:1246)
	at org.apache.spark.schedule
r.DAGSchedulerEventProcessLoo
p.onStop(DAGScheduler.scala:3
075)
	at org.apache.spark.util.Eve
ntLoop.stop(EventLoop.scala:8
4)
	at org.apache.spark.schedule
r.DAGScheduler.$anonfun$stop$
3(DAGScheduler.scala:2961)
	at org.apache.spark.util.Uti
ls$.tryLogNonFatalError(Utils
.scala:1375)
	at org.apache.spark.schedule
r.DAGScheduler.stop(DAGSchedu
ler.scala:2961)
	at org.apache.spark.SparkCon
text.$anonfun$stop$12(SparkCo
ntext.scala:2263)
	at org.apache.spark.util.Uti
ls$.tryLogNonFatalError(Utils
.scala:1375)
	at org.apache.spark.SparkCon
text.stop(SparkContext.scala:
2263)
	at org.apache.spark.SparkCon
text.stop(SparkContext.scala:
2216)
	at org.apache.spark.SparkCon
text.$anonfun$new$34(SparkCon
text.scala:686)
	at org.apache.spark.util.Spa
rkShutdownHook.run(ShutdownHo
okManager.scala:214)
	at org.apache.spark.util.Spa
rkShutdownHookManager.$anonfu
n$runAll$2(ShutdownHookManage
r.scala:188)
	at scala.runtime.java8.JFunc
tion0$mcV$sp.apply(JFunction0
$mcV$sp.java:23)
	at org.apache.spark.util.Uti
ls$.logUncaughtExceptions(Uti
ls.scala:1928)
	at org.apache.spark.util.Spa
rkShutdownHookManager.$anonfu
n$runAll$1(ShutdownHookManage
r.scala:188)
	at scala.runtime.java8.JFunc
tion0$mcV$sp.apply(JFunction0
$mcV$sp.java:23)
	at scala.util.Try$.apply(Try
.scala:213)
	at org.apache.spark.util.Spa
rkShutdownHookManager.runAll(
ShutdownHookManager.scala:188
)
	at org.apache.spark.util.Spa
rkShutdownHookManager$$anon$2
.run(ShutdownHookManager.scal
a:178)
	at java.base/java.util.concu
rrent.Executors$RunnableAdapt
er.call(Unknown Source)
	at java.base/java.util.concu
rrent.FutureTask.run(Unknown 
Source)
	at java.base/java.util.concu
rrent.ThreadPoolExecutor.runW
orker(Unknown Source)
	at java.base/java.util.concu
rrent.ThreadPoolExecutor$Work
er.run(Unknown Source)
	at java.base/java.lang.Threa
d.run(Unknown Source)
	at org.apache.spark.schedule
r.DAGScheduler.runJob(DAGSche
duler.scala:984)
	at org.apache.spark.SparkCon
text.runJob(SparkContext.scal
a:2398)
	at org.apache.spark.sql.exec
ution.datasources.FileFormatW
riter$.$anonfun$executeWrite$
1(FileFormatWriter.scala:241)
	at org.apache.spark.sql.exec
ution.datasources.FileFormatW
riter$.writeAndCommit(FileFor
matWriter.scala:271)
	at org.apache.spark.sql.exec
ution.datasources.FileFormatW
riter$.executeWrite(FileForma
tWriter.scala:212)
	at org.apache.spark.sql.exec
ution.datasources.FileFormatW
riter$.write(FileFormatWriter
.scala:193)
	at org.apache.spark.sql.exec
ution.streaming.FileStreamSin
k.addBatch(FileStreamSink.sca
la:171)
	at org.apache.spark.sql.exec
ution.streaming.MicroBatchExe
cution.$anonfun$runBatch$17(M
icroBatchExecution.scala:732)
	at org.apache.spark.sql.exec
ution.SQLExecution$.$anonfun$
withNewExecutionId$6(SQLExecu
tion.scala:125)
	at org.apache.spark.sql.exec
ution.SQLExecution$.withSQLCo
nfPropagated(SQLExecution.sca
la:201)
	at org.apache.spark.sql.exec
ution.SQLExecution$.$anonfun$
withNewExecutionId$1(SQLExecu
tion.scala:108)
	at org.apache.spark.sql.Spar
kSession.withActive(SparkSess
ion.scala:900)
	at org.apache.spark.sql.exec
ution.SQLExecution$.withNewEx
ecutionId(SQLExecution.scala:
66)
	at org.apache.spark.sql.exec
ution.streaming.MicroBatchExe
cution.$anonfun$runBatch$16(M
icroBatchExecution.scala:729)
	at org.apache.spark.sql.exec
ution.streaming.ProgressRepor
ter.reportTimeTaken(ProgressR
eporter.scala:427)
	at org.apache.spark.sql.exec
ution.streaming.ProgressRepor
ter.reportTimeTaken$(Progress
Reporter.scala:425)
	at org.apache.spark.sql.exec
ution.streaming.StreamExecuti
on.reportTimeTaken(StreamExec
ution.scala:67)
	at org.apache.spark.sql.exec
ution.streaming.MicroBatchExe
cution.runBatch(MicroBatchExe
cution.scala:729)
	at org.apache.spark.sql.exec
ution.streaming.MicroBatchExe
cution.$anonfun$runActivatedS
tream$2(MicroBatchExecution.s
cala:286)
	at scala.runtime.java8.JFunc
tion0$mcV$sp.apply(JFunction0
$mcV$sp.java:23)
	at org.apache.spark.sql.exec
ution.streaming.ProgressRepor
ter.reportTimeTaken(ProgressR
eporter.scala:427)
	at org.apache.spark.sql.exec
ution.streaming.ProgressRepor
ter.reportTimeTaken$(Progress
Reporter.scala:425)
	at org.apache.spark.sql.exec
ution.streaming.StreamExecuti
on.reportTimeTaken(StreamExec
ution.scala:67)
	at org.apache.spark.sql.exec
ution.streaming.MicroBatchExe
cution.$anonfun$runActivatedS
tream$1(MicroBatchExecution.s
cala:249)
	at org.apache.spark.sql.exec
ution.streaming.ProcessingTim
eExecutor.execute(TriggerExec
utor.scala:67)
	at org.apache.spark.sql.exec
ution.streaming.MicroBatchExe
cution.runActivatedStream(Mic
roBatchExecution.scala:239)
	at org.apache.spark.sql.exec
ution.streaming.StreamExecuti
on.$anonfun$runStream$1(Strea
mExecution.scala:311)
	at scala.runtime.java8.JFunc
tion0$mcV$sp.apply(JFunction0
$mcV$sp.java:23)
	at org.apache.spark.sql.Spar
kSession.withActive(SparkSess
ion.scala:900)
	at org.apache.spark.sql.exec
ution.streaming.StreamExecuti
on.org$apache$spark$sql$execu
tion$streaming$StreamExecutio
n$$runStream(StreamExecution.
scala:289)
	at org.apache.spark.sql.exec
ution.streaming.StreamExecuti
on$$anon$1.$anonfun$run$1(Str
eamExecution.scala:211)
	at scala.runtime.java8.JFunc
tion0$mcV$sp.apply(JFunction0
$mcV$sp.java:23)
	at org.apache.spark.JobArtif
actSet$.withActiveJobArtifact
State(JobArtifactSet.scala:94
)
	at org.apache.spark.sql.exec
ution.streaming.StreamExecuti
on$$anon$1.run(StreamExecutio
n.scala:211)
